{"/media/andersonnascimento/backup/github/metodo-tajs-ereickwendel/modulo06-complex-scanarios/aula01-module-monkey-patching/src/runner.js": {"path":"/media/andersonnascimento/backup/github/metodo-tajs-ereickwendel/modulo06-complex-scanarios/aula01-module-monkey-patching/src/runner.js","all":false,"statementMap":{"0":{"start":{"line":1,"column":0},"end":{"line":1,"column":34}},"1":{"start":{"line":2,"column":0},"end":{"line":2,"column":0}},"2":{"start":{"line":3,"column":0},"end":{"line":3,"column":29}},"3":{"start":{"line":4,"column":0},"end":{"line":4,"column":39}},"4":{"start":{"line":5,"column":0},"end":{"line":5,"column":39}},"5":{"start":{"line":6,"column":0},"end":{"line":6,"column":37}},"6":{"start":{"line":7,"column":0},"end":{"line":7,"column":81}},"7":{"start":{"line":8,"column":0},"end":{"line":8,"column":85}},"8":{"start":{"line":9,"column":0},"end":{"line":9,"column":1}},"9":{"start":{"line":10,"column":0},"end":{"line":10,"column":0}},"10":{"start":{"line":11,"column":0},"end":{"line":11,"column":17}},"11":{"start":{"line":12,"column":0},"end":{"line":12,"column":0}},"12":{"start":{"line":13,"column":0},"end":{"line":13,"column":0}},"13":{"start":{"line":14,"column":0},"end":{"line":14,"column":0}},"14":{"start":{"line":15,"column":0},"end":{"line":15,"column":0}},"15":{"start":{"line":16,"column":0},"end":{"line":16,"column":0}},"16":{"start":{"line":17,"column":0},"end":{"line":17,"column":0}},"17":{"start":{"line":18,"column":0},"end":{"line":18,"column":38138}}},"s":{"0":1,"1":1,"2":1,"3":1,"4":1,"5":1,"6":1,"7":1,"8":1,"9":1,"10":1,"11":1,"12":1,"13":1,"14":1,"15":1,"16":1,"17":1},"branchMap":{"0":{"type":"branch","line":3,"loc":{"start":{"line":3,"column":0},"end":{"line":9,"column":1}},"locations":[{"start":{"line":3,"column":0},"end":{"line":9,"column":1}}]},"1":{"type":"branch","line":18,"loc":{"start":{"line":18,"column":68},"end":{"line":18,"column":37501}},"locations":[{"start":{"line":18,"column":68},"end":{"line":18,"column":37501}}]},"2":{"type":"branch","line":18,"loc":{"start":{"line":18,"column":133},"end":{"line":18,"column":37488}},"locations":[{"start":{"line":18,"column":133},"end":{"line":18,"column":37488}}]},"3":{"type":"branch","line":18,"loc":{"start":{"line":18,"column":37490},"end":{"line":18,"column":37500}},"locations":[{"start":{"line":18,"column":37490},"end":{"line":18,"column":37500}}]},"4":{"type":"branch","line":18,"loc":{"start":{"line":18,"column":37528},"end":{"line":18,"column":37601}},"locations":[{"start":{"line":18,"column":37528},"end":{"line":18,"column":37601}}]},"5":{"type":"branch","line":18,"loc":{"start":{"line":18,"column":37581},"end":{"line":18,"column":37592}},"locations":[{"start":{"line":18,"column":37581},"end":{"line":18,"column":37592}}]}},"b":{"0":[1],"1":[1],"2":[1],"3":[1],"4":[1],"5":[1]},"fnMap":{"0":{"name":"runner","decl":{"start":{"line":3,"column":0},"end":{"line":9,"column":1}},"loc":{"start":{"line":3,"column":0},"end":{"line":9,"column":1}},"line":3},"1":{"name":"oo_cm","decl":{"start":{"line":18,"column":68},"end":{"line":18,"column":37501}},"loc":{"start":{"line":18,"column":68},"end":{"line":18,"column":37501}},"line":18},"2":{"name":"oo_oo","decl":{"start":{"line":18,"column":37528},"end":{"line":18,"column":37601}},"loc":{"start":{"line":18,"column":37528},"end":{"line":18,"column":37601}},"line":18},"3":{"name":"oo_tr","decl":{"start":{"line":18,"column":37628},"end":{"line":18,"column":37703}},"loc":{"start":{"line":18,"column":37628},"end":{"line":18,"column":37703}},"line":18},"4":{"name":"oo_ts","decl":{"start":{"line":18,"column":37730},"end":{"line":18,"column":37785}},"loc":{"start":{"line":18,"column":37730},"end":{"line":18,"column":37785}},"line":18},"5":{"name":"oo_te","decl":{"start":{"line":18,"column":37812},"end":{"line":18,"column":37870}},"loc":{"start":{"line":18,"column":37812},"end":{"line":18,"column":37870}},"line":18}},"f":{"0":1,"1":1,"2":1,"3":1,"4":1,"5":1}}
,"/media/andersonnascimento/backup/github/metodo-tajs-ereickwendel/modulo06-complex-scanarios/aula01-module-monkey-patching/src/service.js": {"path":"/media/andersonnascimento/backup/github/metodo-tajs-ereickwendel/modulo06-complex-scanarios/aula01-module-monkey-patching/src/service.js","all":false,"statementMap":{"0":{"start":{"line":1,"column":0},"end":{"line":1,"column":27}},"1":{"start":{"line":2,"column":0},"end":{"line":2,"column":40}},"2":{"start":{"line":3,"column":0},"end":{"line":3,"column":0}},"3":{"start":{"line":4,"column":0},"end":{"line":4,"column":30}},"4":{"start":{"line":5,"column":0},"end":{"line":5,"column":14}},"5":{"start":{"line":6,"column":0},"end":{"line":6,"column":0}},"6":{"start":{"line":7,"column":0},"end":{"line":7,"column":23}},"7":{"start":{"line":8,"column":0},"end":{"line":8,"column":33}},"8":{"start":{"line":9,"column":0},"end":{"line":9,"column":54}},"9":{"start":{"line":10,"column":0},"end":{"line":10,"column":3}},"10":{"start":{"line":11,"column":0},"end":{"line":11,"column":0}},"11":{"start":{"line":12,"column":0},"end":{"line":12,"column":20}},"12":{"start":{"line":13,"column":0},"end":{"line":13,"column":44}},"13":{"start":{"line":14,"column":0},"end":{"line":14,"column":14}},"14":{"start":{"line":15,"column":0},"end":{"line":15,"column":22}},"15":{"start":{"line":16,"column":0},"end":{"line":16,"column":6}},"16":{"start":{"line":17,"column":0},"end":{"line":17,"column":0}},"17":{"start":{"line":18,"column":0},"end":{"line":18,"column":16}},"18":{"start":{"line":19,"column":0},"end":{"line":19,"column":3}},"19":{"start":{"line":20,"column":0},"end":{"line":20,"column":0}},"20":{"start":{"line":21,"column":0},"end":{"line":21,"column":16}},"21":{"start":{"line":22,"column":0},"end":{"line":22,"column":35}},"22":{"start":{"line":23,"column":0},"end":{"line":23,"column":3}},"23":{"start":{"line":24,"column":0},"end":{"line":24,"column":1}}},"s":{"0":1,"1":1,"2":1,"3":1,"4":1,"5":1,"6":1,"7":1,"8":1,"9":1,"10":1,"11":1,"12":1,"13":1,"14":1,"15":1,"16":1,"17":1,"18":1,"19":1,"20":1,"21":1,"22":1,"23":1},"branchMap":{"0":{"type":"branch","line":4,"loc":{"start":{"line":4,"column":15},"end":{"line":24,"column":1}},"locations":[{"start":{"line":4,"column":15},"end":{"line":24,"column":1}}]},"1":{"type":"branch","line":7,"loc":{"start":{"line":7,"column":2},"end":{"line":10,"column":3}},"locations":[{"start":{"line":7,"column":2},"end":{"line":10,"column":3}}]},"2":{"type":"branch","line":12,"loc":{"start":{"line":12,"column":2},"end":{"line":19,"column":3}},"locations":[{"start":{"line":12,"column":2},"end":{"line":19,"column":3}}]},"3":{"type":"branch","line":21,"loc":{"start":{"line":21,"column":2},"end":{"line":23,"column":3}},"locations":[{"start":{"line":21,"column":2},"end":{"line":23,"column":3}}]}},"b":{"0":[1],"1":[1],"2":[1],"3":[1]},"fnMap":{"0":{"name":"<instance_members_initializer>","decl":{"start":{"line":4,"column":15},"end":{"line":24,"column":1}},"loc":{"start":{"line":4,"column":15},"end":{"line":24,"column":1}},"line":4},"1":{"name":"Service","decl":{"start":{"line":7,"column":2},"end":{"line":10,"column":3}},"loc":{"start":{"line":7,"column":2},"end":{"line":10,"column":3}},"line":7},"2":{"name":"createHero","decl":{"start":{"line":12,"column":2},"end":{"line":19,"column":3}},"loc":{"start":{"line":12,"column":2},"end":{"line":19,"column":3}},"line":12},"3":{"name":"listHeroes","decl":{"start":{"line":21,"column":2},"end":{"line":23,"column":3}},"loc":{"start":{"line":21,"column":2},"end":{"line":23,"column":3}},"line":21}},"f":{"0":1,"1":1,"2":1,"3":1}}
}
