{"/media/andersonnascimento/backup/github/metodo-tajs-ereickwendel/modulo03-conceitos-tajs/aula06-e2e-tests/src/index.js": {"path":"/media/andersonnascimento/backup/github/metodo-tajs-ereickwendel/modulo03-conceitos-tajs/aula06-e2e-tests/src/index.js","all":false,"statementMap":{"0":{"start":{"line":1,"column":0},"end":{"line":1,"column":33}},"1":{"start":{"line":2,"column":0},"end":{"line":2,"column":0}},"2":{"start":{"line":3,"column":0},"end":{"line":3,"column":37}},"3":{"start":{"line":4,"column":0},"end":{"line":4,"column":43}},"4":{"start":{"line":5,"column":0},"end":{"line":5,"column":43}},"5":{"start":{"line":6,"column":0},"end":{"line":6,"column":138}},"6":{"start":{"line":7,"column":0},"end":{"line":7,"column":6}},"7":{"start":{"line":8,"column":0},"end":{"line":8,"column":1}},"8":{"start":{"line":9,"column":0},"end":{"line":9,"column":0}},"9":{"start":{"line":10,"column":0},"end":{"line":10,"column":21}},"10":{"start":{"line":11,"column":0},"end":{"line":11,"column":0}},"11":{"start":{"line":12,"column":0},"end":{"line":12,"column":2}},"12":{"start":{"line":13,"column":0},"end":{"line":13,"column":10}},"13":{"start":{"line":14,"column":0},"end":{"line":14,"column":8}},"14":{"start":{"line":15,"column":0},"end":{"line":15,"column":13}},"15":{"start":{"line":16,"column":0},"end":{"line":16,"column":41}},"16":{"start":{"line":17,"column":0},"end":{"line":17,"column":9}},"17":{"start":{"line":18,"column":0},"end":{"line":18,"column":32}},"18":{"start":{"line":19,"column":0},"end":{"line":19,"column":31}},"19":{"start":{"line":20,"column":0},"end":{"line":20,"column":8}},"20":{"start":{"line":21,"column":0},"end":{"line":21,"column":33}},"21":{"start":{"line":22,"column":0},"end":{"line":22,"column":0}},"22":{"start":{"line":23,"column":0},"end":{"line":23,"column":2}},"23":{"start":{"line":24,"column":0},"end":{"line":24,"column":0}},"24":{"start":{"line":25,"column":0},"end":{"line":25,"column":0}},"25":{"start":{"line":26,"column":0},"end":{"line":26,"column":0}},"26":{"start":{"line":27,"column":0},"end":{"line":27,"column":0}},"27":{"start":{"line":28,"column":0},"end":{"line":28,"column":0}},"28":{"start":{"line":29,"column":0},"end":{"line":29,"column":0}},"29":{"start":{"line":30,"column":0},"end":{"line":30,"column":38324}}},"s":{"0":1,"1":1,"2":1,"3":1,"4":1,"5":1,"6":1,"7":1,"8":1,"9":1,"10":1,"11":1,"12":1,"13":1,"14":1,"15":1,"16":1,"17":1,"18":1,"19":1,"20":1,"21":1,"22":1,"23":1,"24":1,"25":1,"26":1,"27":1,"28":1,"29":1},"branchMap":{"0":{"type":"branch","line":4,"loc":{"start":{"line":4,"column":36},"end":{"line":7,"column":5}},"locations":[{"start":{"line":4,"column":36},"end":{"line":7,"column":5}}]},"1":{"type":"branch","line":30,"loc":{"start":{"line":30,"column":68},"end":{"line":30,"column":37687}},"locations":[{"start":{"line":30,"column":68},"end":{"line":30,"column":37687}}]},"2":{"type":"branch","line":30,"loc":{"start":{"line":30,"column":37676},"end":{"line":30,"column":37686}},"locations":[{"start":{"line":30,"column":37676},"end":{"line":30,"column":37686}}]},"3":{"type":"branch","line":30,"loc":{"start":{"line":30,"column":37714},"end":{"line":30,"column":37787}},"locations":[{"start":{"line":30,"column":37714},"end":{"line":30,"column":37787}}]},"4":{"type":"branch","line":30,"loc":{"start":{"line":30,"column":37767},"end":{"line":30,"column":37778}},"locations":[{"start":{"line":30,"column":37767},"end":{"line":30,"column":37778}}]}},"b":{"0":[1],"1":[1],"2":[1],"3":[1],"4":[1]},"fnMap":{"0":{"name":"oo_cm","decl":{"start":{"line":30,"column":68},"end":{"line":30,"column":37687}},"loc":{"start":{"line":30,"column":68},"end":{"line":30,"column":37687}},"line":30},"1":{"name":"oo_oo","decl":{"start":{"line":30,"column":37714},"end":{"line":30,"column":37787}},"loc":{"start":{"line":30,"column":37714},"end":{"line":30,"column":37787}},"line":30},"2":{"name":"oo_tr","decl":{"start":{"line":30,"column":37814},"end":{"line":30,"column":37889}},"loc":{"start":{"line":30,"column":37814},"end":{"line":30,"column":37889}},"line":30},"3":{"name":"oo_ts","decl":{"start":{"line":30,"column":37916},"end":{"line":30,"column":37971}},"loc":{"start":{"line":30,"column":37916},"end":{"line":30,"column":37971}},"line":30},"4":{"name":"oo_te","decl":{"start":{"line":30,"column":37998},"end":{"line":30,"column":38056}},"loc":{"start":{"line":30,"column":37998},"end":{"line":30,"column":38056}},"line":30}},"f":{"0":1,"1":1,"2":1,"3":1,"4":1}}
,"/media/andersonnascimento/backup/github/metodo-tajs-ereickwendel/modulo03-conceitos-tajs/aula06-e2e-tests/src/person.js": {"path":"/media/andersonnascimento/backup/github/metodo-tajs-ereickwendel/modulo03-conceitos-tajs/aula06-e2e-tests/src/person.js","all":false,"statementMap":{"0":{"start":{"line":1,"column":0},"end":{"line":1,"column":14}},"1":{"start":{"line":2,"column":0},"end":{"line":2,"column":27}},"2":{"start":{"line":3,"column":0},"end":{"line":3,"column":58}},"3":{"start":{"line":4,"column":0},"end":{"line":4,"column":56}},"4":{"start":{"line":5,"column":0},"end":{"line":5,"column":3}},"5":{"start":{"line":6,"column":0},"end":{"line":6,"column":25}},"6":{"start":{"line":7,"column":0},"end":{"line":7,"column":56}},"7":{"start":{"line":8,"column":0},"end":{"line":8,"column":14}},"8":{"start":{"line":9,"column":0},"end":{"line":9,"column":45}},"9":{"start":{"line":10,"column":0},"end":{"line":10,"column":15}},"10":{"start":{"line":11,"column":0},"end":{"line":11,"column":38}},"11":{"start":{"line":12,"column":0},"end":{"line":12,"column":7}},"12":{"start":{"line":13,"column":0},"end":{"line":13,"column":3}},"13":{"start":{"line":14,"column":0},"end":{"line":14,"column":23}},"14":{"start":{"line":15,"column":0},"end":{"line":15,"column":68}},"15":{"start":{"line":16,"column":0},"end":{"line":16,"column":82}},"16":{"start":{"line":17,"column":0},"end":{"line":17,"column":7}},"17":{"start":{"line":18,"column":0},"end":{"line":18,"column":0}},"18":{"start":{"line":19,"column":0},"end":{"line":19,"column":36}},"19":{"start":{"line":20,"column":0},"end":{"line":20,"column":0}},"20":{"start":{"line":21,"column":0},"end":{"line":21,"column":109}},"21":{"start":{"line":22,"column":0},"end":{"line":22,"column":3}},"22":{"start":{"line":23,"column":0},"end":{"line":23,"column":0}},"23":{"start":{"line":24,"column":0},"end":{"line":24,"column":26}},"24":{"start":{"line":25,"column":0},"end":{"line":25,"column":27}},"25":{"start":{"line":26,"column":0},"end":{"line":26,"column":49}},"26":{"start":{"line":27,"column":0},"end":{"line":27,"column":32}},"27":{"start":{"line":28,"column":0},"end":{"line":28,"column":0}},"28":{"start":{"line":29,"column":0},"end":{"line":29,"column":17}},"29":{"start":{"line":30,"column":0},"end":{"line":30,"column":3}},"30":{"start":{"line":31,"column":0},"end":{"line":31,"column":1}},"31":{"start":{"line":32,"column":0},"end":{"line":32,"column":0}},"32":{"start":{"line":33,"column":0},"end":{"line":33,"column":19}},"33":{"start":{"line":34,"column":0},"end":{"line":34,"column":33}},"34":{"start":{"line":35,"column":0},"end":{"line":35,"column":28}},"35":{"start":{"line":36,"column":0},"end":{"line":36,"column":6}},"36":{"start":{"line":37,"column":0},"end":{"line":37,"column":0}},"37":{"start":{"line":38,"column":0},"end":{"line":38,"column":21}},"38":{"start":{"line":39,"column":0},"end":{"line":39,"column":0}},"39":{"start":{"line":40,"column":0},"end":{"line":40,"column":0}},"40":{"start":{"line":41,"column":0},"end":{"line":41,"column":0}},"41":{"start":{"line":42,"column":0},"end":{"line":42,"column":0}},"42":{"start":{"line":43,"column":0},"end":{"line":43,"column":0}},"43":{"start":{"line":44,"column":0},"end":{"line":44,"column":0}},"44":{"start":{"line":45,"column":0},"end":{"line":45,"column":38324}}},"s":{"0":1,"1":1,"2":1,"3":1,"4":1,"5":1,"6":0,"7":0,"8":0,"9":0,"10":0,"11":0,"12":0,"13":1,"14":0,"15":0,"16":0,"17":0,"18":0,"19":0,"20":0,"21":0,"22":1,"23":1,"24":1,"25":1,"26":1,"27":1,"28":1,"29":1,"30":1,"31":1,"32":1,"33":1,"34":1,"35":1,"36":1,"37":1,"38":1,"39":1,"40":1,"41":1,"42":1,"43":1,"44":1},"branchMap":{"0":{"type":"branch","line":2,"loc":{"start":{"line":2,"column":9},"end":{"line":5,"column":3}},"locations":[{"start":{"line":2,"column":9},"end":{"line":5,"column":3}}]},"1":{"type":"branch","line":3,"loc":{"start":{"line":3,"column":23},"end":{"line":3,"column":58}},"locations":[{"start":{"line":3,"column":23},"end":{"line":3,"column":58}}]},"2":{"type":"branch","line":24,"loc":{"start":{"line":24,"column":9},"end":{"line":30,"column":3}},"locations":[{"start":{"line":24,"column":9},"end":{"line":30,"column":3}}]}},"b":{"0":[1],"1":[0],"2":[1]},"fnMap":{"0":{"name":"validate","decl":{"start":{"line":2,"column":9},"end":{"line":5,"column":3}},"loc":{"start":{"line":2,"column":9},"end":{"line":5,"column":3}},"line":2},"1":{"name":"format","decl":{"start":{"line":6,"column":9},"end":{"line":13,"column":3}},"loc":{"start":{"line":6,"column":9},"end":{"line":13,"column":3}},"line":6},"2":{"name":"save","decl":{"start":{"line":14,"column":9},"end":{"line":22,"column":3}},"loc":{"start":{"line":14,"column":9},"end":{"line":22,"column":3}},"line":14},"3":{"name":"process","decl":{"start":{"line":24,"column":9},"end":{"line":30,"column":3}},"loc":{"start":{"line":24,"column":9},"end":{"line":30,"column":3}},"line":24},"4":{"name":"oo_cm","decl":{"start":{"line":45,"column":68},"end":{"line":45,"column":37687}},"loc":{"start":{"line":45,"column":68},"end":{"line":45,"column":37687}},"line":45},"5":{"name":"oo_oo","decl":{"start":{"line":45,"column":37714},"end":{"line":45,"column":37787}},"loc":{"start":{"line":45,"column":37714},"end":{"line":45,"column":37787}},"line":45},"6":{"name":"oo_tr","decl":{"start":{"line":45,"column":37814},"end":{"line":45,"column":37889}},"loc":{"start":{"line":45,"column":37814},"end":{"line":45,"column":37889}},"line":45},"7":{"name":"oo_ts","decl":{"start":{"line":45,"column":37916},"end":{"line":45,"column":37971}},"loc":{"start":{"line":45,"column":37916},"end":{"line":45,"column":37971}},"line":45},"8":{"name":"oo_te","decl":{"start":{"line":45,"column":37998},"end":{"line":45,"column":38056}},"loc":{"start":{"line":45,"column":37998},"end":{"line":45,"column":38056}},"line":45}},"f":{"0":1,"1":0,"2":0,"3":1,"4":1,"5":1,"6":1,"7":1,"8":1}}
,"/media/andersonnascimento/backup/github/metodo-tajs-ereickwendel/modulo03-conceitos-tajs/aula06-e2e-tests/src/server.js": {"path":"/media/andersonnascimento/backup/github/metodo-tajs-ereickwendel/modulo03-conceitos-tajs/aula06-e2e-tests/src/server.js","all":false,"statementMap":{"0":{"start":{"line":1,"column":0},"end":{"line":1,"column":40}},"1":{"start":{"line":2,"column":0},"end":{"line":2,"column":34}},"2":{"start":{"line":3,"column":0},"end":{"line":3,"column":32}},"3":{"start":{"line":4,"column":0},"end":{"line":4,"column":58}},"4":{"start":{"line":5,"column":0},"end":{"line":5,"column":66}},"5":{"start":{"line":6,"column":0},"end":{"line":6,"column":31}},"6":{"start":{"line":7,"column":0},"end":{"line":7,"column":22}},"7":{"start":{"line":8,"column":0},"end":{"line":8,"column":15}},"8":{"start":{"line":9,"column":0},"end":{"line":9,"column":5}},"9":{"start":{"line":10,"column":0},"end":{"line":10,"column":0}},"10":{"start":{"line":11,"column":0},"end":{"line":11,"column":9}},"11":{"start":{"line":12,"column":0},"end":{"line":12,"column":61}},"12":{"start":{"line":13,"column":0},"end":{"line":13,"column":55}},"13":{"start":{"line":14,"column":0},"end":{"line":14,"column":55}},"14":{"start":{"line":15,"column":0},"end":{"line":15,"column":0}},"15":{"start":{"line":16,"column":0},"end":{"line":16,"column":21}},"16":{"start":{"line":17,"column":0},"end":{"line":17,"column":48}},"17":{"start":{"line":18,"column":0},"end":{"line":18,"column":35}},"18":{"start":{"line":19,"column":0},"end":{"line":19,"column":27}},"19":{"start":{"line":20,"column":0},"end":{"line":20,"column":32}},"20":{"start":{"line":21,"column":0},"end":{"line":21,"column":50}},"21":{"start":{"line":22,"column":0},"end":{"line":22,"column":18}},"22":{"start":{"line":23,"column":0},"end":{"line":23,"column":13}},"23":{"start":{"line":24,"column":0},"end":{"line":24,"column":26}},"24":{"start":{"line":25,"column":0},"end":{"line":25,"column":19}},"25":{"start":{"line":26,"column":0},"end":{"line":26,"column":9}},"26":{"start":{"line":27,"column":0},"end":{"line":27,"column":0}},"27":{"start":{"line":28,"column":0},"end":{"line":28,"column":40}},"28":{"start":{"line":29,"column":0},"end":{"line":29,"column":31}},"29":{"start":{"line":30,"column":0},"end":{"line":30,"column":22}},"30":{"start":{"line":31,"column":0},"end":{"line":31,"column":5}},"31":{"start":{"line":32,"column":0},"end":{"line":32,"column":0}},"32":{"start":{"line":33,"column":0},"end":{"line":33,"column":2}},"33":{"start":{"line":34,"column":0},"end":{"line":34,"column":0}},"34":{"start":{"line":35,"column":0},"end":{"line":35,"column":21}}},"s":{"0":1,"1":1,"2":1,"3":1,"4":2,"5":1,"6":1,"7":1,"8":1,"9":1,"10":1,"11":1,"12":1,"13":1,"14":1,"15":1,"16":1,"17":1,"18":1,"19":1,"20":1,"21":1,"22":1,"23":1,"24":1,"25":1,"26":0,"27":0,"28":0,"29":0,"30":0,"31":2,"32":2,"33":1,"34":1},"branchMap":{"0":{"type":"branch","line":4,"loc":{"start":{"line":4,"column":28},"end":{"line":33,"column":2}},"locations":[{"start":{"line":4,"column":28},"end":{"line":33,"column":2}}]},"1":{"type":"branch","line":5,"loc":{"start":{"line":5,"column":65},"end":{"line":31,"column":5}},"locations":[{"start":{"line":5,"column":65},"end":{"line":31,"column":5}}]},"2":{"type":"branch","line":26,"loc":{"start":{"line":26,"column":8},"end":{"line":31,"column":5}},"locations":[{"start":{"line":26,"column":8},"end":{"line":31,"column":5}}]}},"b":{"0":[2],"1":[1],"2":[0]},"fnMap":{},"f":{}}
}
