TN:
SF:src/index.js
FN:30,oo_cm
FN:30,oo_oo
FN:30,oo_tr
FN:30,oo_ts
FN:30,oo_te
FNF:5
FNH:5
FNDA:1,oo_cm
FNDA:1,oo_oo
FNDA:1,oo_tr
FNDA:1,oo_ts
FNDA:1,oo_te
DA:1,1
DA:2,1
DA:3,1
DA:4,1
DA:5,1
DA:6,1
DA:7,1
DA:8,1
DA:9,1
DA:10,1
DA:11,1
DA:12,1
DA:13,1
DA:14,1
DA:15,1
DA:16,1
DA:17,1
DA:18,1
DA:19,1
DA:20,1
DA:21,1
DA:22,1
DA:23,1
DA:24,1
DA:25,1
DA:26,1
DA:27,1
DA:28,1
DA:29,1
DA:30,1
LF:30
LH:30
BRDA:4,0,0,1
BRDA:30,1,0,1
BRDA:30,2,0,1
BRDA:30,3,0,1
BRDA:30,4,0,1
BRF:5
BRH:5
end_of_record
TN:
SF:src/person.js
FN:2,validate
FN:6,format
FN:14,save
FN:24,process
FN:45,oo_cm
FN:45,oo_oo
FN:45,oo_tr
FN:45,oo_ts
FN:45,oo_te
FNF:9
FNH:7
FNDA:1,validate
FNDA:0,format
FNDA:0,save
FNDA:1,process
FNDA:1,oo_cm
FNDA:1,oo_oo
FNDA:1,oo_tr
FNDA:1,oo_ts
FNDA:1,oo_te
DA:1,1
DA:2,1
DA:3,1
DA:4,1
DA:5,1
DA:6,1
DA:7,0
DA:8,0
DA:9,0
DA:10,0
DA:11,0
DA:12,0
DA:13,0
DA:14,1
DA:15,0
DA:16,0
DA:17,0
DA:18,0
DA:19,0
DA:20,0
DA:21,0
DA:22,0
DA:23,1
DA:24,1
DA:25,1
DA:26,1
DA:27,1
DA:28,1
DA:29,1
DA:30,1
DA:31,1
DA:32,1
DA:33,1
DA:34,1
DA:35,1
DA:36,1
DA:37,1
DA:38,1
DA:39,1
DA:40,1
DA:41,1
DA:42,1
DA:43,1
DA:44,1
DA:45,1
LF:45
LH:30
BRDA:2,0,0,1
BRDA:3,1,0,0
BRDA:24,2,0,1
BRF:3
BRH:2
end_of_record
TN:
SF:src/server.js
FNF:0
FNH:0
DA:1,1
DA:2,1
DA:3,1
DA:4,1
DA:5,2
DA:6,1
DA:7,1
DA:8,1
DA:9,1
DA:10,1
DA:11,1
DA:12,1
DA:13,1
DA:14,1
DA:15,1
DA:16,1
DA:17,1
DA:18,1
DA:19,1
DA:20,1
DA:21,1
DA:22,1
DA:23,1
DA:24,1
DA:25,1
DA:26,1
DA:27,0
DA:28,0
DA:29,0
DA:30,0
DA:31,0
DA:32,2
DA:33,2
DA:34,1
DA:35,1
LF:35
LH:30
BRDA:4,0,0,2
BRDA:5,1,0,1
BRDA:26,2,0,0
BRF:3
BRH:2
end_of_record
