{"/media/andersonnascimento/backup/github/metodo-tajs-ereickwendel/modulo03-conceitos-tajs/aula05-code-coverage/src/person.js": {"path":"/media/andersonnascimento/backup/github/metodo-tajs-ereickwendel/modulo03-conceitos-tajs/aula05-code-coverage/src/person.js","all":false,"statementMap":{"0":{"start":{"line":1,"column":0},"end":{"line":1,"column":19}},"1":{"start":{"line":2,"column":0},"end":{"line":2,"column":0}},"2":{"start":{"line":3,"column":0},"end":{"line":3,"column":34}},"3":{"start":{"line":4,"column":0},"end":{"line":4,"column":50}},"4":{"start":{"line":5,"column":0},"end":{"line":5,"column":24}},"5":{"start":{"line":6,"column":0},"end":{"line":6,"column":2}},"6":{"start":{"line":7,"column":0},"end":{"line":7,"column":0}},"7":{"start":{"line":8,"column":0},"end":{"line":8,"column":38}},"8":{"start":{"line":9,"column":0},"end":{"line":9,"column":45}},"9":{"start":{"line":10,"column":0},"end":{"line":10,"column":0}},"10":{"start":{"line":11,"column":0},"end":{"line":11,"column":60}},"11":{"start":{"line":12,"column":0},"end":{"line":12,"column":0}},"12":{"start":{"line":13,"column":0},"end":{"line":13,"column":26}},"13":{"start":{"line":14,"column":0},"end":{"line":14,"column":12}},"14":{"start":{"line":15,"column":0},"end":{"line":15,"column":32}},"15":{"start":{"line":16,"column":0},"end":{"line":16,"column":30}},"16":{"start":{"line":17,"column":0},"end":{"line":17,"column":27}},"17":{"start":{"line":18,"column":0},"end":{"line":18,"column":5}},"18":{"start":{"line":19,"column":0},"end":{"line":19,"column":3}},"19":{"start":{"line":20,"column":0},"end":{"line":20,"column":0}},"20":{"start":{"line":21,"column":0},"end":{"line":21,"column":44}},"21":{"start":{"line":22,"column":0},"end":{"line":22,"column":82}},"22":{"start":{"line":23,"column":0},"end":{"line":23,"column":97}},"23":{"start":{"line":24,"column":0},"end":{"line":24,"column":15}},"24":{"start":{"line":25,"column":0},"end":{"line":25,"column":25}},"25":{"start":{"line":26,"column":0},"end":{"line":26,"column":24}},"26":{"start":{"line":27,"column":0},"end":{"line":27,"column":30}},"27":{"start":{"line":28,"column":0},"end":{"line":28,"column":8}},"28":{"start":{"line":29,"column":0},"end":{"line":29,"column":48}},"29":{"start":{"line":30,"column":0},"end":{"line":30,"column":3}},"30":{"start":{"line":31,"column":0},"end":{"line":31,"column":1}},"31":{"start":{"line":32,"column":0},"end":{"line":32,"column":0}},"32":{"start":{"line":33,"column":0},"end":{"line":33,"column":0}},"33":{"start":{"line":34,"column":0},"end":{"line":34,"column":0}},"34":{"start":{"line":35,"column":0},"end":{"line":35,"column":0}},"35":{"start":{"line":36,"column":0},"end":{"line":36,"column":0}},"36":{"start":{"line":37,"column":0},"end":{"line":37,"column":0}},"37":{"start":{"line":38,"column":0},"end":{"line":38,"column":38108}}},"s":{"0":1,"1":1,"2":1,"3":1,"4":1,"5":1,"6":1,"7":1,"8":2,"9":2,"10":2,"11":2,"12":2,"13":1,"14":1,"15":1,"16":1,"17":1,"18":1,"19":1,"20":1,"21":1,"22":1,"23":1,"24":1,"25":1,"26":1,"27":1,"28":1,"29":1,"30":2,"31":1,"32":1,"33":1,"34":1,"35":1,"36":1,"37":1},"branchMap":{"0":{"type":"branch","line":8,"loc":{"start":{"line":8,"column":7},"end":{"line":31,"column":1}},"locations":[{"start":{"line":8,"column":7},"end":{"line":31,"column":1}}]},"1":{"type":"branch","line":13,"loc":{"start":{"line":13,"column":25},"end":{"line":30,"column":3}},"locations":[{"start":{"line":13,"column":25},"end":{"line":30,"column":3}}]},"2":{"type":"branch","line":38,"loc":{"start":{"line":38,"column":68},"end":{"line":38,"column":37471}},"locations":[{"start":{"line":38,"column":68},"end":{"line":38,"column":37471}}]},"3":{"type":"branch","line":38,"loc":{"start":{"line":38,"column":133},"end":{"line":38,"column":37458}},"locations":[{"start":{"line":38,"column":133},"end":{"line":38,"column":37458}}]},"4":{"type":"branch","line":38,"loc":{"start":{"line":38,"column":37460},"end":{"line":38,"column":37470}},"locations":[{"start":{"line":38,"column":37460},"end":{"line":38,"column":37470}}]},"5":{"type":"branch","line":38,"loc":{"start":{"line":38,"column":37498},"end":{"line":38,"column":37571}},"locations":[{"start":{"line":38,"column":37498},"end":{"line":38,"column":37571}}]},"6":{"type":"branch","line":38,"loc":{"start":{"line":38,"column":37551},"end":{"line":38,"column":37562}},"locations":[{"start":{"line":38,"column":37551},"end":{"line":38,"column":37562}}]}},"b":{"0":[2],"1":[1],"2":[1],"3":[1],"4":[1],"5":[1],"6":[1]},"fnMap":{"0":{"name":"mapPerson","decl":{"start":{"line":8,"column":7},"end":{"line":31,"column":1}},"loc":{"start":{"line":8,"column":7},"end":{"line":31,"column":1}},"line":8},"1":{"name":"oo_cm","decl":{"start":{"line":38,"column":68},"end":{"line":38,"column":37471}},"loc":{"start":{"line":38,"column":68},"end":{"line":38,"column":37471}},"line":38},"2":{"name":"oo_oo","decl":{"start":{"line":38,"column":37498},"end":{"line":38,"column":37571}},"loc":{"start":{"line":38,"column":37498},"end":{"line":38,"column":37571}},"line":38},"3":{"name":"oo_tr","decl":{"start":{"line":38,"column":37598},"end":{"line":38,"column":37673}},"loc":{"start":{"line":38,"column":37598},"end":{"line":38,"column":37673}},"line":38},"4":{"name":"oo_ts","decl":{"start":{"line":38,"column":37700},"end":{"line":38,"column":37755}},"loc":{"start":{"line":38,"column":37700},"end":{"line":38,"column":37755}},"line":38},"5":{"name":"oo_te","decl":{"start":{"line":38,"column":37782},"end":{"line":38,"column":37840}},"loc":{"start":{"line":38,"column":37782},"end":{"line":38,"column":37840}},"line":38}},"f":{"0":2,"1":1,"2":1,"3":1,"4":1,"5":1}}
,"/media/andersonnascimento/backup/github/metodo-tajs-ereickwendel/modulo03-conceitos-tajs/aula05-code-coverage/src/task.js": {"path":"/media/andersonnascimento/backup/github/metodo-tajs-ereickwendel/modulo03-conceitos-tajs/aula05-code-coverage/src/task.js","all":false,"statementMap":{"0":{"start":{"line":1,"column":0},"end":{"line":1,"column":27}},"1":{"start":{"line":2,"column":0},"end":{"line":2,"column":20}},"2":{"start":{"line":3,"column":0},"end":{"line":3,"column":0}},"3":{"start":{"line":4,"column":0},"end":{"line":4,"column":29}},"4":{"start":{"line":5,"column":0},"end":{"line":5,"column":70}},"5":{"start":{"line":6,"column":0},"end":{"line":6,"column":40}},"6":{"start":{"line":7,"column":0},"end":{"line":7,"column":3}},"7":{"start":{"line":8,"column":0},"end":{"line":8,"column":16}},"8":{"start":{"line":9,"column":0},"end":{"line":9,"column":42}},"9":{"start":{"line":10,"column":0},"end":{"line":10,"column":29}},"10":{"start":{"line":11,"column":0},"end":{"line":11,"column":0}},"11":{"start":{"line":12,"column":0},"end":{"line":12,"column":34}},"12":{"start":{"line":13,"column":0},"end":{"line":13,"column":33}},"13":{"start":{"line":14,"column":0},"end":{"line":14,"column":14}},"14":{"start":{"line":15,"column":0},"end":{"line":15,"column":7}},"15":{"start":{"line":16,"column":0},"end":{"line":16,"column":0}},"16":{"start":{"line":17,"column":0},"end":{"line":17,"column":39}},"17":{"start":{"line":18,"column":0},"end":{"line":18,"column":32}},"18":{"start":{"line":19,"column":0},"end":{"line":19,"column":19}},"19":{"start":{"line":20,"column":0},"end":{"line":20,"column":34}},"20":{"start":{"line":21,"column":0},"end":{"line":21,"column":9}},"21":{"start":{"line":22,"column":0},"end":{"line":22,"column":7}},"22":{"start":{"line":23,"column":0},"end":{"line":23,"column":15}},"23":{"start":{"line":24,"column":0},"end":{"line":24,"column":3}},"24":{"start":{"line":25,"column":0},"end":{"line":25,"column":1}}},"s":{"0":1,"1":1,"2":1,"3":1,"4":2,"5":2,"6":2,"7":1,"8":1,"9":50,"10":50,"11":50,"12":0,"13":0,"14":0,"15":50,"16":50,"17":75,"18":2,"19":2,"20":2,"21":75,"22":1,"23":1,"24":1},"branchMap":{"0":{"type":"branch","line":1,"loc":{"start":{"line":1,"column":15},"end":{"line":25,"column":1}},"locations":[{"start":{"line":1,"column":15},"end":{"line":25,"column":1}}]},"1":{"type":"branch","line":4,"loc":{"start":{"line":4,"column":2},"end":{"line":7,"column":3}},"locations":[{"start":{"line":4,"column":2},"end":{"line":7,"column":3}}]},"2":{"type":"branch","line":8,"loc":{"start":{"line":8,"column":2},"end":{"line":24,"column":3}},"locations":[{"start":{"line":8,"column":2},"end":{"line":24,"column":3}}]},"3":{"type":"branch","line":9,"loc":{"start":{"line":9,"column":35},"end":{"line":23,"column":5}},"locations":[{"start":{"line":9,"column":35},"end":{"line":23,"column":5}}]},"4":{"type":"branch","line":12,"loc":{"start":{"line":12,"column":33},"end":{"line":15,"column":7}},"locations":[{"start":{"line":12,"column":33},"end":{"line":15,"column":7}}]},"5":{"type":"branch","line":17,"loc":{"start":{"line":17,"column":38},"end":{"line":22,"column":7}},"locations":[{"start":{"line":17,"column":38},"end":{"line":22,"column":7}}]},"6":{"type":"branch","line":18,"loc":{"start":{"line":18,"column":31},"end":{"line":21,"column":9}},"locations":[{"start":{"line":18,"column":31},"end":{"line":21,"column":9}}]}},"b":{"0":[1],"1":[2],"2":[1],"3":[50],"4":[0],"5":[75],"6":[2]},"fnMap":{"0":{"name":"<instance_members_initializer>","decl":{"start":{"line":1,"column":15},"end":{"line":25,"column":1}},"loc":{"start":{"line":1,"column":15},"end":{"line":25,"column":1}},"line":1},"1":{"name":"save","decl":{"start":{"line":4,"column":2},"end":{"line":7,"column":3}},"loc":{"start":{"line":4,"column":2},"end":{"line":7,"column":3}},"line":4},"2":{"name":"run","decl":{"start":{"line":8,"column":2},"end":{"line":24,"column":3}},"loc":{"start":{"line":8,"column":2},"end":{"line":24,"column":3}},"line":8}},"f":{"0":1,"1":2,"2":1}}
}
