TN:
SF:src/person.js
FN:8,mapPerson
FN:38,oo_cm
FN:38,oo_oo
FN:38,oo_tr
FN:38,oo_ts
FN:38,oo_te
FNF:6
FNH:6
FNDA:2,mapPerson
FNDA:1,oo_cm
FNDA:1,oo_oo
FNDA:1,oo_tr
FNDA:1,oo_ts
FNDA:1,oo_te
DA:1,1
DA:2,1
DA:3,1
DA:4,1
DA:5,1
DA:6,1
DA:7,1
DA:8,1
DA:9,2
DA:10,2
DA:11,2
DA:12,2
DA:13,2
DA:14,1
DA:15,1
DA:16,1
DA:17,1
DA:18,1
DA:19,1
DA:20,1
DA:21,1
DA:22,1
DA:23,1
DA:24,1
DA:25,1
DA:26,1
DA:27,1
DA:28,1
DA:29,1
DA:30,1
DA:31,2
DA:32,1
DA:33,1
DA:34,1
DA:35,1
DA:36,1
DA:37,1
DA:38,1
LF:38
LH:38
BRDA:8,0,0,2
BRDA:13,1,0,1
BRDA:38,2,0,1
BRDA:38,3,0,1
BRDA:38,4,0,1
BRDA:38,5,0,1
BRDA:38,6,0,1
BRF:7
BRH:7
end_of_record
TN:
SF:src/task.js
FN:1,<instance_members_initializer>
FN:4,save
FN:8,run
FNF:3
FNH:3
FNDA:1,<instance_members_initializer>
FNDA:2,save
FNDA:1,run
DA:1,1
DA:2,1
DA:3,1
DA:4,1
DA:5,2
DA:6,2
DA:7,2
DA:8,1
DA:9,1
DA:10,50
DA:11,50
DA:12,50
DA:13,0
DA:14,0
DA:15,0
DA:16,50
DA:17,50
DA:18,75
DA:19,2
DA:20,2
DA:21,2
DA:22,75
DA:23,1
DA:24,1
DA:25,1
LF:25
LH:22
BRDA:1,0,0,1
BRDA:4,1,0,2
BRDA:8,2,0,1
BRDA:9,3,0,50
BRDA:12,4,0,0
BRDA:17,5,0,75
BRDA:18,6,0,2
BRF:7
BRH:6
end_of_record
