TN:
SF:src/person.js
FN:14,mapPerson
FNF:1
FNH:1
FNDA:3,mapPerson
DA:1,1
DA:2,1
DA:3,1
DA:4,1
DA:5,1
DA:6,1
DA:7,1
DA:8,1
DA:9,1
DA:10,1
DA:11,1
DA:12,1
DA:13,1
DA:14,1
DA:15,3
DA:16,3
DA:17,3
DA:18,3
DA:19,3
DA:20,1
DA:21,1
DA:22,1
DA:23,1
DA:24,1
DA:25,1
DA:26,2
DA:27,2
DA:28,2
DA:29,2
DA:30,2
DA:31,2
DA:32,2
DA:33,3
LF:33
LH:33
BRDA:14,0,0,3
BRDA:19,1,0,1
BRDA:25,2,0,2
BRF:3
BRH:3
end_of_record
TN:
SF:src/task.js
FN:1,<instance_members_initializer>
FN:4,save
FN:8,run
FNF:3
FNH:3
FNDA:1,<instance_members_initializer>
FNDA:2,save
FNDA:1,run
DA:1,1
DA:2,1
DA:3,1
DA:4,1
DA:5,2
DA:6,2
DA:7,2
DA:8,1
DA:9,1
DA:10,50
DA:11,50
DA:12,50
DA:13,0
DA:14,0
DA:15,0
DA:16,50
DA:17,50
DA:18,75
DA:19,2
DA:20,2
DA:21,2
DA:22,75
DA:23,1
DA:24,1
DA:25,1
LF:25
LH:22
BRDA:1,0,0,1
BRDA:4,1,0,2
BRDA:8,2,0,1
BRDA:9,3,0,50
BRDA:12,4,0,0
BRDA:17,5,0,75
BRDA:18,6,0,2
BRF:7
BRH:6
end_of_record
